#
# There is insufficient memory for the Java Runtime Environment to continue.
# Native memory allocation (mmap) failed to map 255852544 bytes for G1 virtual space
# Possible reasons:
#   The system is out of physical RAM or swap space
#   The process is running with CompressedOops enabled, and the Java Heap may be blocking the growth of the native heap
# Possible solutions:
#   Reduce memory load on the system
#   Increase physical memory or swap space
#   Check if swap backing store is full
#   Decrease Java heap size (-Xmx/-Xms)
#   Decrease number of Java threads
#   Decrease Java thread stack sizes (-Xss)
#   Set larger code cache with -XX:ReservedCodeCacheSize=
#   JVM is running with Zero Based Compressed Oops mode in which the Java heap is
#     placed in the first 32GB address space. The Java Heap base address is the
#     maximum limit for the native heap growth. Please use -XX:HeapBaseMinAddress
#     to set the Java Heap base and to place the Java Heap above 32GB virtual address.
# This output file may be truncated or incomplete.
#
#  Out of Memory Error (os_windows.cpp:3617), pid=33628, tid=33700
#
# JRE version:  (17.0.8+7) (build )
# Java VM: OpenJDK 64-Bit Server VM (17.0.8+7, mixed mode, sharing, tiered, compressed oops, compressed class ptrs, g1 gc, windows-amd64)
# No core dump will be written. Minidumps are not enabled by default on client versions of Windows
#

---------------  S U M M A R Y ------------

Command Line: -XX:+ShowCodeDetailsInExceptionMessages -agentlib:jdwp=transport=dt_socket,suspend=y,address=localhost:51677 -javaagent:C:\Users\aleks\eclipse\java-2023-06\eclipse\configuration\org.eclipse.osgi\248\0\.cp\lib\javaagent-shaded.jar -Dfile.encoding=UTF-8 --module-path=C:\Users\aleks\Desktop\Codes 'n stuff nothing hard here\Selection\bin -Djdk.module.main=Selection Selection/selection.Independent1

Host: AMD Ryzen 5 7520U with Radeon Graphics         , 8 cores, 15G,  Windows 11 , 64 bit Build 22621 (10.0.22621.2070)
Time: Wed Aug 23 17:15:24 2023 FLE Summer Time elapsed time: 0.020424 seconds (0d 0h 0m 0s)

---------------  T H R E A D  ---------------

Current thread (0x0000026fff2c5b50):  JavaThread "Unknown thread" [_thread_in_vm, id=33700, stack(0x0000007f1d900000,0x0000007f1da00000)]

Stack: [0x0000007f1d900000,0x0000007f1da00000]
Native frames: (J=compiled Java code, j=interpreted, Vv=VM code, C=native code)
V  [jvm.dll+0x678b0a]
V  [jvm.dll+0x835e84]
V  [jvm.dll+0x83762e]
V  [jvm.dll+0x837c93]
V  [jvm.dll+0x24746f]
V  [jvm.dll+0x675859]
V  [jvm.dll+0x66a0ea]
V  [jvm.dll+0x306c7b]
V  [jvm.dll+0x30e166]
V  [jvm.dll+0x35dd3e]
V  [jvm.dll+0x35df6f]
V  [jvm.dll+0x2ddb48]
V  [jvm.dll+0x2deab4]
V  [jvm.dll+0x807f31]
V  [jvm.dll+0x36bb21]
V  [jvm.dll+0x7e733c]
V  [jvm.dll+0x3ee4af]
V  [jvm.dll+0x3f00c1]
C  [jli.dll+0x528b]
C  [ucrtbase.dll+0x29363]
C  [KERNEL32.DLL+0x126ad]
C  [ntdll.dll+0x5aa68]


---------------  P R O C E S S  ---------------

Threads class SMR info:
_java_thread_list=0x00007ff87d82a018, length=0, elements={
}

Java Threads: ( => current thread )

Other Threads:
  0x0000026fff32f700 GCTaskThread "GC Thread#0" [stack: 0x0000007f1da00000,0x0000007f1db00000] [id=33704]
  0x0000026fff35c650 ConcurrentGCThread "G1 Main Marker" [stack: 0x0000007f1db00000,0x0000007f1dc00000] [id=33708]
  0x0000026fff35df10 ConcurrentGCThread "G1 Conc#0" [stack: 0x0000007f1dc00000,0x0000007f1dd00000] [id=33712]

[error occurred during error reporting (printing all threads), id 0xc0000005, EXCEPTION_ACCESS_VIOLATION (0xc0000005) at pc=0x00007ff87cffe587]

VM state: not at safepoint (not fully initialized)

VM Mutex/Monitor currently owned by a thread:  ([mutex/lock_event])
[0x0000026fff2c0d20] Heap_lock - owner thread: 0x0000026fff2c5b50

Heap address: 0x000000070c000000, size: 3904 MB, Compressed Oops mode: Zero based, Oop shift amount: 3

CDS archive(s) mapped at: [0x0000000000000000-0x0000000000000000-0x0000000000000000), size 0, SharedBaseAddress: 0x0000000800000000, ArchiveRelocationMode: 1.
Narrow klass base: 0x0000000000000000, Narrow klass shift: 0, Narrow klass range: 0x0

GC Precious Log:
<Empty>

Heap:
 garbage-first heap   total 0K, used 0K [0x000000070c000000, 0x0000000800000000)
  region size 2048K, 0 young (0K), 0 survivors (0K)

[error occurred during error reporting (printing heap information), id 0xc0000005, EXCEPTION_ACCESS_VIOLATION (0xc0000005) at pc=0x00007ff87d3e2699]

GC Heap History (0 events):
No events

Dll operation events (1 events):
Event: 0.014 Loaded shared library C:\Users\aleks\.p2\pool\plugins\org.eclipse.justj.openjdk.hotspot.jre.full.win32.x86_64_17.0.8.v20230801-1951\jre\bin\java.dll

Deoptimization events (0 events):
No events

Classes unloaded (0 events):
No events

Classes redefined (0 events):
No events

Internal exceptions (0 events):
No events

VM Operations (0 events):
No events

Events (0 events):
No events


Dynamic libraries:
0x00007ff777d50000 - 0x00007ff777d5e000 	C:\Users\aleks\.p2\pool\plugins\org.eclipse.justj.openjdk.hotspot.jre.full.win32.x86_64_17.0.8.v20230801-1951\jre\bin\javaw.exe
0x00007ff8c5910000 - 0x00007ff8c5b24000 	C:\windows\SYSTEM32\ntdll.dll
0x00007ff8c3d20000 - 0x00007ff8c3de4000 	C:\windows\System32\KERNEL32.DLL
0x00007ff8c2f00000 - 0x00007ff8c32a4000 	C:\windows\System32\KERNELBASE.dll
0x00007ff8c3370000 - 0x00007ff8c3481000 	C:\windows\System32\ucrtbase.dll
0x00007ff8b3250000 - 0x00007ff8b3267000 	C:\Users\aleks\.p2\pool\plugins\org.eclipse.justj.openjdk.hotspot.jre.full.win32.x86_64_17.0.8.v20230801-1951\jre\bin\jli.dll
0x00007ff8b3230000 - 0x00007ff8b3249000 	C:\Users\aleks\.p2\pool\plugins\org.eclipse.justj.openjdk.hotspot.jre.full.win32.x86_64_17.0.8.v20230801-1951\jre\bin\VCRUNTIME140.dll
0x00007ff8c38e0000 - 0x00007ff8c3a8a000 	C:\windows\System32\USER32.dll
0x00007ff8c36a0000 - 0x00007ff8c36c6000 	C:\windows\System32\win32u.dll
0x00007ff8b9cc0000 - 0x00007ff8b9f4f000 	C:\windows\WinSxS\amd64_microsoft.windows.common-controls_6595b64144ccf1df_6.0.22621.2070_none_2713e6537381f706\COMCTL32.dll
0x00007ff8c3cf0000 - 0x00007ff8c3d19000 	C:\windows\System32\GDI32.dll
0x00007ff8c3aa0000 - 0x00007ff8c3b47000 	C:\windows\System32\msvcrt.dll
0x00007ff8c3490000 - 0x00007ff8c35a9000 	C:\windows\System32\gdi32full.dll
0x00007ff8c2e60000 - 0x00007ff8c2efa000 	C:\windows\System32\msvcp_win.dll
0x00007ff8c3df0000 - 0x00007ff8c3e21000 	C:\windows\System32\IMM32.DLL
0x00007ff8b3220000 - 0x00007ff8b322c000 	C:\Users\aleks\.p2\pool\plugins\org.eclipse.justj.openjdk.hotspot.jre.full.win32.x86_64_17.0.8.v20230801-1951\jre\bin\vcruntime140_1.dll
0x00007ff8a4c00000 - 0x00007ff8a4c91000 	C:\Users\aleks\.p2\pool\plugins\org.eclipse.justj.openjdk.hotspot.jre.full.win32.x86_64_17.0.8.v20230801-1951\jre\bin\msvcp140.dll
0x00007ff87cd10000 - 0x00007ff87d95c000 	C:\Users\aleks\.p2\pool\plugins\org.eclipse.justj.openjdk.hotspot.jre.full.win32.x86_64_17.0.8.v20230801-1951\jre\bin\server\jvm.dll
0x00007ff8c3f20000 - 0x00007ff8c3fd0000 	C:\windows\System32\ADVAPI32.dll
0x00007ff8c3fd0000 - 0x00007ff8c4076000 	C:\windows\System32\sechost.dll
0x00007ff8c57b0000 - 0x00007ff8c58c7000 	C:\windows\System32\RPCRT4.dll
0x00007ff8c25f0000 - 0x00007ff8c263d000 	C:\windows\SYSTEM32\POWRPROF.dll
0x00007ff8bb1f0000 - 0x00007ff8bb224000 	C:\windows\SYSTEM32\WINMM.dll
0x00007ff85b200000 - 0x00007ff85b209000 	C:\windows\SYSTEM32\WSOCK32.dll
0x00007ff8c4d10000 - 0x00007ff8c4d81000 	C:\windows\System32\WS2_32.dll
0x00007ff8c18e0000 - 0x00007ff8c18ea000 	C:\windows\SYSTEM32\VERSION.dll
0x00007ff8c25d0000 - 0x00007ff8c25e3000 	C:\windows\SYSTEM32\UMPDC.dll
0x00007ff8c1ca0000 - 0x00007ff8c1cb8000 	C:\windows\SYSTEM32\kernel.appcore.dll
0x00007ff8bd800000 - 0x00007ff8bd80a000 	C:\Users\aleks\.p2\pool\plugins\org.eclipse.justj.openjdk.hotspot.jre.full.win32.x86_64_17.0.8.v20230801-1951\jre\bin\jimage.dll
0x00007ff8b3420000 - 0x00007ff8b364e000 	C:\windows\SYSTEM32\DBGHELP.DLL
0x00007ff8c41e0000 - 0x00007ff8c456a000 	C:\windows\System32\combase.dll
0x00007ff8c3e30000 - 0x00007ff8c3f07000 	C:\windows\System32\OLEAUT32.dll
0x00007ff8b33e0000 - 0x00007ff8b3412000 	C:\windows\SYSTEM32\dbgcore.DLL
0x00007ff8c3620000 - 0x00007ff8c369a000 	C:\windows\System32\bcryptPrimitives.dll
0x00007ff8acac0000 - 0x00007ff8acafb000 	C:\Users\aleks\.p2\pool\plugins\org.eclipse.justj.openjdk.hotspot.jre.full.win32.x86_64_17.0.8.v20230801-1951\jre\bin\jdwp.dll
0x00007ff8bdec0000 - 0x00007ff8bdece000 	C:\Users\aleks\.p2\pool\plugins\org.eclipse.justj.openjdk.hotspot.jre.full.win32.x86_64_17.0.8.v20230801-1951\jre\bin\instrument.dll
0x00007ff8b31b0000 - 0x00007ff8b31d5000 	C:\Users\aleks\.p2\pool\plugins\org.eclipse.justj.openjdk.hotspot.jre.full.win32.x86_64_17.0.8.v20230801-1951\jre\bin\java.dll

dbghelp: loaded successfully - version: 4.0.5 - missing functions: none
symbol engine: initialized successfully - sym options: 0x614 - pdb path: .;C:\Users\aleks\.p2\pool\plugins\org.eclipse.justj.openjdk.hotspot.jre.full.win32.x86_64_17.0.8.v20230801-1951\jre\bin;C:\windows\SYSTEM32;C:\windows\WinSxS\amd64_microsoft.windows.common-controls_6595b64144ccf1df_6.0.22621.2070_none_2713e6537381f706;C:\Users\aleks\.p2\pool\plugins\org.eclipse.justj.openjdk.hotspot.jre.full.win32.x86_64_17.0.8.v20230801-1951\jre\bin\server

VM Arguments:
jvm_args: -XX:+ShowCodeDetailsInExceptionMessages -agentlib:jdwp=transport=dt_socket,suspend=y,address=localhost:51677 -javaagent:C:\Users\aleks\eclipse\java-2023-06\eclipse\configuration\org.eclipse.osgi\248\0\.cp\lib\javaagent-shaded.jar -Dfile.encoding=UTF-8 --module-path=C:\Users\aleks\Desktop\Codes 'n stuff nothing hard here\Selection\bin -Djdk.module.main=Selection 
java_command: Selection/selection.Independent1
java_class_path (initial): <not set>
Launcher Type: SUN_STANDARD

[Global flags]
     intx CICompilerCount                          = 4                                         {product} {ergonomic}
     uint ConcGCThreads                            = 2                                         {product} {ergonomic}
     uint G1ConcRefinementThreads                  = 8                                         {product} {ergonomic}
   size_t G1HeapRegionSize                         = 2097152                                   {product} {ergonomic}
    uintx GCDrainStackTargetSize                   = 64                                        {product} {ergonomic}
   size_t InitialHeapSize                          = 255852544                                 {product} {ergonomic}
   size_t MarkStackSize                            = 4194304                                   {product} {ergonomic}
   size_t MaxHeapSize                              = 4093640704                                {product} {ergonomic}
   size_t MinHeapDeltaBytes                        = 2097152                                   {product} {ergonomic}
   size_t MinHeapSize                              = 8388608                                   {product} {ergonomic}
    uintx NonNMethodCodeHeapSize                   = 5839372                                {pd product} {ergonomic}
    uintx NonProfiledCodeHeapSize                  = 122909434                              {pd product} {ergonomic}
    uintx ProfiledCodeHeapSize                     = 122909434                              {pd product} {ergonomic}
    uintx ReservedCodeCacheSize                    = 251658240                              {pd product} {ergonomic}
     bool SegmentedCodeCache                       = true                                      {product} {ergonomic}
     bool ShowCodeDetailsInExceptionMessages       = true                                   {manageable} {command line}
   size_t SoftMaxHeapSize                          = 4093640704                             {manageable} {ergonomic}
     bool UseCompressedClassPointers               = true                           {product lp64_product} {ergonomic}
     bool UseCompressedOops                        = true                           {product lp64_product} {ergonomic}
     bool UseG1GC                                  = true                                      {product} {ergonomic}
     bool UseLargePagesIndividualAllocation        = false                                  {pd product} {ergonomic}

Logging:
Log output configuration:
 #0: stdout all=warning uptime,level,tags
 #1: stderr all=off uptime,level,tags

Environment Variables:
PATH=C:\Users\aleks\.p2\pool\plugins\org.eclipse.justj.openjdk.hotspot.jre.full.win32.x86_64_17.0.8.v20230801-1951\jre\bin;C:/Users/aleks/.p2/pool/plugins/org.eclipse.justj.openjdk.hotspot.jre.full.win32.x86_64_17.0.8.v20230801-1951/jre/bin/server;C:/Users/aleks/.p2/pool/plugins/org.eclipse.justj.openjdk.hotspot.jre.full.win32.x86_64_17.0.8.v20230801-1951/jre/bin;C:\windows\system32;C:\windows;C:\windows\System32\Wbem;C:\windows\System32\WindowsPowerShell\v1.0\;C:\windows\System32\OpenSSH\;C:\ProgramData\chocolatey\bin;C:\Program Files\PowerShell\7\;C:\Program Files\Git\cmd;C:\Program Files\Microsoft VS Code\bin;C:\Program Files\dotnet\;C:\Program Files\Docker\Docker\resources\bin;C:\Users\aleks\AppData\Local\Microsoft\WindowsApps;C:\Users\aleks\AppData\Local\GitHubDesktop\bin;C:\Users\aleks\Desktop;
USERNAME=aleks
OS=Windows_NT
PROCESSOR_IDENTIFIER=AMD64 Family 23 Model 160 Stepping 0, AuthenticAMD
TMP=C:\Users\aleks\AppData\Local\Temp
TEMP=C:\Users\aleks\AppData\Local\Temp



---------------  S Y S T E M  ---------------

OS:
 Windows 11 , 64 bit Build 22621 (10.0.22621.2070)
OS uptime: 0 days 8:27 hours
Hyper-V role detected

CPU: total 8 (initial active 8) (8 cores per cpu, 2 threads per core) family 23 model 160 stepping 0 microcode 0x0, cx8, cmov, fxsr, ht, mmx, 3dnowpref, sse, sse2, sse3, ssse3, sse4a, sse4.1, sse4.2, popcnt, lzcnt, tsc, tscinvbit, avx, avx2, aes, clmul, bmi1, bmi2, adx, sha, fma, vzeroupper, clflush, clflushopt, hv
Processor Information for all 8 processors :
  Max Mhz: 2801, Current Mhz: 2801, Mhz Limit: 2801

Memory: 4k page, system-wide physical 15610M (5852M free)
TotalPageFile size 62714M (AvailPageFile size 42M)
current process WorkingSet (physical memory assigned to process): 11M, peak: 11M
current process commit charge ("private bytes"): 60M, peak: 304M

vm_info: OpenJDK 64-Bit Server VM (17.0.8+7) for windows-amd64 JRE (17.0.8+7), built on Jul 18 2023 21:02:32 by "admin" with MS VC++ 16.7 (VS2019)

END.
